<?xml version="1.0" encoding="UTF-8"?>
<!-- Generated by org.testng.reporters.JUnitReportReporter -->
<testsuite hostname="DESKTOP-S313SAP" name="Runners.MainRunner" tests="6" failures="0" timestamp="7 Apr 2019 03:42:25 GMT" time="0.385" errors="0">
  <testcase name="feature" time="0.026" classname="Runners.MainRunner"/>
  <testcase name="feature" time="0.050" classname="Runners.MainRunner"/>
  <testcase name="feature" time="0.015" classname="Runners.MainRunner"/>
  <testcase name="feature" time="0.024" classname="Runners.MainRunner"/>
  <testcase name="feature" time="0.011" classname="Runners.MainRunner"/>
  <testcase name="feature" time="0.259" classname="Runners.MainRunner"/>
</testsuite> <!-- Runners.MainRunner -->
