<?xml version="1.0" encoding="UTF-8"?>
<!-- Generated by org.testng.reporters.JUnitReportReporter -->
<testsuite hostname="DESKTOP-S313SAP" name="parallel.GridTest" tests="2" failures="0" timestamp="6 Apr 2019 21:59:59 GMT" time="98.251" errors="0">
  <testcase name="googleTest" time="54.531" classname="parallel.GridTest"/>
  <testcase name="googleTest" time="43.720" classname="parallel.GridTest"/>
</testsuite> <!-- parallel.GridTest -->
